<?xml version="1.0" encoding="UTF-8"?>
<coverage generated="1652637912030" clover="3.2.0">
  <project timestamp="1652637912030" name="All files">
    <metrics statements="19" coveredstatements="12" conditionals="7" coveredconditionals="7" methods="2" coveredmethods="2" elements="28" coveredelements="21" complexity="0" loc="19" ncloc="19" packages="1" files="1" classes="1"/>
    <file name="contador.js" path="/home/davina/Escritorio/testing-with-jest/src/contador.js">
      <metrics statements="19" coveredstatements="12" conditionals="7" coveredconditionals="7" methods="2" coveredmethods="2"/>
      <line num="4" count="6" type="stmt"/>
      <line num="5" count="6" type="stmt"/>
      <line num="6" count="6" type="stmt"/>
      <line num="11" count="19" type="cond" truecount="7" falsecount="0"/>
      <line num="13" count="2" type="stmt"/>
      <line num="14" count="0" type="stmt"/>
      <line num="16" count="3" type="stmt"/>
      <line num="17" count="0" type="stmt"/>
      <line num="19" count="2" type="stmt"/>
      <line num="20" count="0" type="stmt"/>
      <line num="22" count="2" type="stmt"/>
      <line num="23" count="0" type="stmt"/>
      <line num="25" count="2" type="stmt"/>
      <line num="26" count="0" type="stmt"/>
      <line num="28" count="2" type="stmt"/>
      <line num="29" count="0" type="stmt"/>
      <line num="31" count="6" type="stmt"/>
      <line num="32" count="0" type="stmt"/>
      <line num="37" count="1" type="stmt"/>
    </file>
  </project>
</coverage>
