{"/home/davina/Escritorio/pruebasConJest/src/calculator.js": {"path":"/home/davina/Escritorio/pruebasConJest/src/calculator.js","statementMap":{"0":{"start":{"line":1,"column":19},"end":{"line":15,"column":1}},"1":{"start":{"line":3,"column":25},"end":{"line":3,"column":36}},"2":{"start":{"line":4,"column":27},"end":{"line":4,"column":32}},"3":{"start":{"line":8,"column":8},"end":{"line":8,"column":27}},"4":{"start":{"line":12,"column":8},"end":{"line":12,"column":27}},"5":{"start":{"line":17,"column":0},"end":{"line":17,"column":28}}},"fnMap":{"0":{"name":"(anonymous_0)","decl":{"start":{"line":3,"column":12},"end":{"line":3,"column":13}},"loc":{"start":{"line":3,"column":23},"end":{"line":3,"column":37}},"line":3},"1":{"name":"(anonymous_1)","decl":{"start":{"line":4,"column":16},"end":{"line":4,"column":17}},"loc":{"start":{"line":4,"column":27},"end":{"line":4,"column":32}},"line":4},"2":{"name":"(anonymous_2)","decl":{"start":{"line":7,"column":9},"end":{"line":7,"column":10}},"loc":{"start":{"line":7,"column":29},"end":{"line":9,"column":5}},"line":7},"3":{"name":"(anonymous_3)","decl":{"start":{"line":11,"column":10},"end":{"line":11,"column":11}},"loc":{"start":{"line":11,"column":30},"end":{"line":13,"column":5}},"line":11}},"branchMap":{},"s":{"0":1,"1":1,"2":1,"3":1,"4":1,"5":1},"f":{"0":1,"1":1,"2":1,"3":1},"b":{},"_coverageSchema":"1a1c01bbd47fc00a2c39e90264f33305004495a9","hash":"2729d24faa521613566d475a3711af65819a9309"}
,"/home/davina/Escritorio/pruebasConJest/src/fizzbuzz.js": {"path":"/home/davina/Escritorio/pruebasConJest/src/fizzbuzz.js","statementMap":{"0":{"start":{"line":2,"column":2},"end":{"line":4,"column":3}},"1":{"start":{"line":3,"column":4},"end":{"line":3,"column":58}},"2":{"start":{"line":9,"column":2},"end":{"line":11,"column":3}},"3":{"start":{"line":10,"column":4},"end":{"line":10,"column":17}},"4":{"start":{"line":12,"column":2},"end":{"line":14,"column":3}},"5":{"start":{"line":13,"column":4},"end":{"line":13,"column":21}},"6":{"start":{"line":15,"column":2},"end":{"line":17,"column":3}},"7":{"start":{"line":16,"column":4},"end":{"line":16,"column":17}},"8":{"start":{"line":18,"column":2},"end":{"line":20,"column":3}},"9":{"start":{"line":19,"column":4},"end":{"line":19,"column":17}},"10":{"start":{"line":23,"column":0},"end":{"line":23,"column":25}}},"fnMap":{"0":{"name":"fizzbuzz","decl":{"start":{"line":1,"column":9},"end":{"line":1,"column":17}},"loc":{"start":{"line":1,"column":26},"end":{"line":21,"column":1}},"line":1}},"branchMap":{"0":{"loc":{"start":{"line":2,"column":2},"end":{"line":4,"column":3}},"type":"if","locations":[{"start":{"line":2,"column":2},"end":{"line":4,"column":3}},{"start":{},"end":{}}],"line":2},"1":{"loc":{"start":{"line":9,"column":2},"end":{"line":11,"column":3}},"type":"if","locations":[{"start":{"line":9,"column":2},"end":{"line":11,"column":3}},{"start":{},"end":{}}],"line":9},"2":{"loc":{"start":{"line":9,"column":6},"end":{"line":9,"column":42}},"type":"binary-expr","locations":[{"start":{"line":9,"column":6},"end":{"line":9,"column":22}},{"start":{"line":9,"column":26},"end":{"line":9,"column":42}}],"line":9},"3":{"loc":{"start":{"line":12,"column":2},"end":{"line":14,"column":3}},"type":"if","locations":[{"start":{"line":12,"column":2},"end":{"line":14,"column":3}},{"start":{},"end":{}}],"line":12},"4":{"loc":{"start":{"line":12,"column":6},"end":{"line":12,"column":42}},"type":"binary-expr","locations":[{"start":{"line":12,"column":6},"end":{"line":12,"column":22}},{"start":{"line":12,"column":26},"end":{"line":12,"column":42}}],"line":12},"5":{"loc":{"start":{"line":15,"column":2},"end":{"line":17,"column":3}},"type":"if","locations":[{"start":{"line":15,"column":2},"end":{"line":17,"column":3}},{"start":{},"end":{}}],"line":15},"6":{"loc":{"start":{"line":18,"column":2},"end":{"line":20,"column":3}},"type":"if","locations":[{"start":{"line":18,"column":2},"end":{"line":20,"column":3}},{"start":{},"end":{}}],"line":18}},"s":{"0":13,"1":1,"2":12,"3":2,"4":10,"5":4,"6":6,"7":3,"8":3,"9":3,"10":1},"f":{"0":13},"b":{"0":[1,12],"1":[2,10],"2":[12,5],"3":[4,6],"4":[10,7],"5":[3,3],"6":[3,0]},"_coverageSchema":"1a1c01bbd47fc00a2c39e90264f33305004495a9","hash":"5b28321cb1393e304132c9d61b688faafd9d2f02"}
,"/home/davina/Escritorio/pruebasConJest/src/isVowel.js": {"path":"/home/davina/Escritorio/pruebasConJest/src/isVowel.js","statementMap":{"0":{"start":{"line":2,"column":14},"end":{"line":10,"column":1}},"1":{"start":{"line":3,"column":2},"end":{"line":5,"column":3}},"2":{"start":{"line":4,"column":4},"end":{"line":4,"column":55}},"3":{"start":{"line":6,"column":2},"end":{"line":8,"column":3}},"4":{"start":{"line":7,"column":4},"end":{"line":7,"column":42}},"5":{"start":{"line":9,"column":2},"end":{"line":9,"column":31}},"6":{"start":{"line":12,"column":18},"end":{"line":17,"column":3}},"7":{"start":{"line":13,"column":2},"end":{"line":17,"column":3}},"8":{"start":{"line":15,"column":6},"end":{"line":15,"column":76}},"9":{"start":{"line":19,"column":0},"end":{"line":19,"column":41}}},"fnMap":{"0":{"name":"(anonymous_0)","decl":{"start":{"line":2,"column":14},"end":{"line":2,"column":15}},"loc":{"start":{"line":2,"column":24},"end":{"line":10,"column":1}},"line":2},"1":{"name":"(anonymous_1)","decl":{"start":{"line":12,"column":18},"end":{"line":12,"column":19}},"loc":{"start":{"line":13,"column":2},"end":{"line":17,"column":3}},"line":13},"2":{"name":"(anonymous_2)","decl":{"start":{"line":14,"column":4},"end":{"line":14,"column":5}},"loc":{"start":{"line":15,"column":6},"end":{"line":15,"column":76}},"line":15}},"branchMap":{"0":{"loc":{"start":{"line":3,"column":2},"end":{"line":5,"column":3}},"type":"if","locations":[{"start":{"line":3,"column":2},"end":{"line":5,"column":3}},{"start":{},"end":{}}],"line":3},"1":{"loc":{"start":{"line":6,"column":2},"end":{"line":8,"column":3}},"type":"if","locations":[{"start":{"line":6,"column":2},"end":{"line":8,"column":3}},{"start":{},"end":{}}],"line":6},"2":{"loc":{"start":{"line":15,"column":6},"end":{"line":15,"column":76}},"type":"cond-expr","locations":[{"start":{"line":15,"column":34},"end":{"line":15,"column":69}},{"start":{"line":15,"column":72},"end":{"line":15,"column":76}}],"line":15}},"s":{"0":1,"1":7,"2":1,"3":6,"4":1,"5":5,"6":1,"7":2,"8":6,"9":1},"f":{"0":7,"1":2,"2":6},"b":{"0":[1,6],"1":[1,5],"2":[2,4]},"_coverageSchema":"1a1c01bbd47fc00a2c39e90264f33305004495a9","hash":"371c74feb91ab7a7222847622ea9039a92af0821"}
,"/home/davina/Escritorio/pruebasConJest/src/reverseString.js": {"path":"/home/davina/Escritorio/pruebasConJest/src/reverseString.js","statementMap":{"0":{"start":{"line":1,"column":22},"end":{"line":6,"column":17}},"1":{"start":{"line":2,"column":4},"end":{"line":6,"column":17}},"2":{"start":{"line":8,"column":0},"end":{"line":8,"column":31}}},"fnMap":{"0":{"name":"(anonymous_0)","decl":{"start":{"line":1,"column":22},"end":{"line":1,"column":23}},"loc":{"start":{"line":2,"column":4},"end":{"line":6,"column":17}},"line":2}},"branchMap":{},"s":{"0":1,"1":1,"2":1},"f":{"0":1},"b":{},"_coverageSchema":"1a1c01bbd47fc00a2c39e90264f33305004495a9","hash":"b9fe4a56804fbc90a3d589490a756de7f4f1aab3"}
,"/home/davina/Escritorio/pruebasConJest/src/weapon.js": {"path":"/home/davina/Escritorio/pruebasConJest/src/weapon.js","statementMap":{"0":{"start":{"line":3,"column":12},"end":{"line":13,"column":1}},"1":{"start":{"line":6,"column":17},"end":{"line":11,"column":21}},"2":{"start":{"line":7,"column":20},"end":{"line":7,"column":47}},"3":{"start":{"line":8,"column":20},"end":{"line":8,"column":40}},"4":{"start":{"line":10,"column":20},"end":{"line":10,"column":48}},"5":{"start":{"line":15,"column":0},"end":{"line":15,"column":24}}},"fnMap":{"0":{"name":"disparar","decl":{"start":{"line":5,"column":23},"end":{"line":5,"column":31}},"loc":{"start":{"line":5,"column":33},"end":{"line":12,"column":18}},"line":5}},"branchMap":{"0":{"loc":{"start":{"line":6,"column":17},"end":{"line":11,"column":21}},"type":"if","locations":[{"start":{"line":6,"column":17},"end":{"line":11,"column":21}},{"start":{"line":9,"column":25},"end":{"line":11,"column":21}}],"line":6}},"s":{"0":1,"1":1,"2":1,"3":1,"4":0,"5":1},"f":{"0":1},"b":{"0":[1,0]},"_coverageSchema":"1a1c01bbd47fc00a2c39e90264f33305004495a9","hash":"2b9b32cc961da419f07735be4dbca574f4a13c16"}
}
