{"/home/davina/Escritorio/testing-with-jest/src/contador.js": {"path":"/home/davina/Escritorio/testing-with-jest/src/contador.js","statementMap":{"0":{"start":{"line":4,"column":4},"end":{"line":4,"column":29}},"1":{"start":{"line":5,"column":6},"end":{"line":5,"column":12}},"2":{"start":{"line":6,"column":6},"end":{"line":6,"column":17}},"3":{"start":{"line":11,"column":2},"end":{"line":33,"column":3}},"4":{"start":{"line":13,"column":6},"end":{"line":13,"column":41}},"5":{"start":{"line":14,"column":6},"end":{"line":14,"column":12}},"6":{"start":{"line":16,"column":8},"end":{"line":16,"column":43}},"7":{"start":{"line":17,"column":6},"end":{"line":17,"column":12}},"8":{"start":{"line":19,"column":8},"end":{"line":19,"column":43}},"9":{"start":{"line":20,"column":6},"end":{"line":20,"column":12}},"10":{"start":{"line":22,"column":8},"end":{"line":22,"column":43}},"11":{"start":{"line":23,"column":6},"end":{"line":23,"column":12}},"12":{"start":{"line":25,"column":8},"end":{"line":25,"column":44}},"13":{"start":{"line":26,"column":6},"end":{"line":26,"column":12}},"14":{"start":{"line":28,"column":8},"end":{"line":28,"column":44}},"15":{"start":{"line":29,"column":6},"end":{"line":29,"column":12}},"16":{"start":{"line":31,"column":8},"end":{"line":31,"column":41}},"17":{"start":{"line":32,"column":6},"end":{"line":32,"column":12}},"18":{"start":{"line":37,"column":0},"end":{"line":37,"column":39}}},"fnMap":{"0":{"name":"contador","decl":{"start":{"line":3,"column":10},"end":{"line":3,"column":18}},"loc":{"start":{"line":3,"column":23},"end":{"line":7,"column":1}},"line":3},"1":{"name":"getText","decl":{"start":{"line":10,"column":9},"end":{"line":10,"column":16}},"loc":{"start":{"line":10,"column":21},"end":{"line":35,"column":1}},"line":10}},"branchMap":{"0":{"loc":{"start":{"line":11,"column":2},"end":{"line":33,"column":3}},"type":"switch","locations":[{"start":{"line":12,"column":4},"end":{"line":14,"column":12}},{"start":{"line":15,"column":4},"end":{"line":17,"column":12}},{"start":{"line":18,"column":4},"end":{"line":20,"column":12}},{"start":{"line":21,"column":4},"end":{"line":23,"column":12}},{"start":{"line":24,"column":4},"end":{"line":26,"column":12}},{"start":{"line":27,"column":4},"end":{"line":29,"column":12}},{"start":{"line":30,"column":6},"end":{"line":32,"column":12}}],"line":11}},"s":{"0":6,"1":6,"2":6,"3":19,"4":2,"5":0,"6":3,"7":0,"8":2,"9":0,"10":2,"11":0,"12":2,"13":0,"14":2,"15":0,"16":6,"17":0,"18":1},"f":{"0":6,"1":19},"b":{"0":[2,3,2,2,2,2,6]},"_coverageSchema":"1a1c01bbd47fc00a2c39e90264f33305004495a9","hash":"8ed4e954b344cca0f75bdf6948d8005bf1e544c1"}
}
