TN:
SF:src/calculator.js
FN:3,(anonymous_0)
FN:4,(anonymous_1)
FN:7,(anonymous_2)
FN:11,(anonymous_3)
FNF:4
FNH:4
FNDA:1,(anonymous_0)
FNDA:1,(anonymous_1)
FNDA:1,(anonymous_2)
FNDA:1,(anonymous_3)
DA:1,1
DA:3,1
DA:4,1
DA:8,1
DA:12,1
DA:17,1
LF:6
LH:6
BRF:0
BRH:0
end_of_record
TN:
SF:src/fizzbuzz.js
FN:1,fizzbuzz
FNF:1
FNH:1
FNDA:13,fizzbuzz
DA:2,13
DA:3,1
DA:9,12
DA:10,2
DA:12,10
DA:13,4
DA:15,6
DA:16,3
DA:18,3
DA:19,3
DA:23,1
LF:11
LH:11
BRDA:2,0,0,1
BRDA:2,0,1,12
BRDA:9,1,0,2
BRDA:9,1,1,10
BRDA:9,2,0,12
BRDA:9,2,1,5
BRDA:12,3,0,4
BRDA:12,3,1,6
BRDA:12,4,0,10
BRDA:12,4,1,7
BRDA:15,5,0,3
BRDA:15,5,1,3
BRDA:18,6,0,3
BRDA:18,6,1,0
BRF:14
BRH:13
end_of_record
TN:
SF:src/isVowel.js
FN:2,(anonymous_0)
FN:12,(anonymous_1)
FN:14,(anonymous_2)
FNF:3
FNH:3
FNDA:7,(anonymous_0)
FNDA:2,(anonymous_1)
FNDA:6,(anonymous_2)
DA:2,1
DA:3,7
DA:4,1
DA:6,6
DA:7,1
DA:9,5
DA:12,1
DA:13,2
DA:15,6
DA:19,1
LF:10
LH:10
BRDA:3,0,0,1
BRDA:3,0,1,6
BRDA:6,1,0,1
BRDA:6,1,1,5
BRDA:15,2,0,2
BRDA:15,2,1,4
BRF:6
BRH:6
end_of_record
TN:
SF:src/reverseString.js
FN:1,(anonymous_0)
FNF:1
FNH:1
FNDA:1,(anonymous_0)
DA:1,1
DA:2,1
DA:8,1
LF:3
LH:3
BRF:0
BRH:0
end_of_record
TN:
SF:src/weapon.js
FN:5,disparar
FNF:1
FNH:1
FNDA:1,disparar
DA:3,1
DA:6,1
DA:7,1
DA:8,1
DA:10,0
DA:15,1
LF:6
LH:5
BRDA:6,0,0,1
BRDA:6,0,1,0
BRF:2
BRH:1
end_of_record
